::1 - - [04/Feb/2018:19:27:59 +0100] "GET / HTTP/1.1" 403 209
::1 - - [04/Feb/2018:19:28:24 +0100] "GET / HTTP/1.1" 403 209
::1 - - [04/Feb/2018:19:28:50 +0100] "GET /index.html HTTP/1.1" 403 219
::1 - - [04/Feb/2018:19:30:39 +0100] "GET /index.html HTTP/1.1" 403 219
::1 - - [04/Feb/2018:19:30:39 +0100] "GET /index.html HTTP/1.1" 403 219
::1 - - [04/Feb/2018:19:30:39 +0100] "GET /index.html HTTP/1.1" 403 219
::1 - - [04/Feb/2018:19:30:40 +0100] "GET /index.html HTTP/1.1" 403 219
::1 - - [04/Feb/2018:19:30:40 +0100] "GET /index.html HTTP/1.1" 403 219
::1 - - [04/Feb/2018:19:30:40 +0100] "GET /index.html HTTP/1.1" 403 219
::1 - - [04/Feb/2018:19:30:40 +0100] "GET /index.html HTTP/1.1" 403 219
::1 - - [04/Feb/2018:19:30:40 +0100] "GET /index.html HTTP/1.1" 403 219
::1 - - [04/Feb/2018:19:30:41 +0100] "GET /index.html HTTP/1.1" 403 219
::1 - - [04/Feb/2018:19:30:42 +0100] "GET / HTTP/1.1" 403 209
::1 - - [04/Feb/2018:19:31:19 +0100] "GET / HTTP/1.1" 200 46
::1 - - [04/Feb/2018:20:59:16 +0100] "GET / HTTP/1.1" 304 -
::1 - - [04/Feb/2018:20:59:17 +0100] "GET / HTTP/1.1" 304 -
::1 - - [04/Feb/2018:20:59:17 +0100] "GET / HTTP/1.1" 304 -
::1 - - [04/Feb/2018:20:59:17 +0100] "GET / HTTP/1.1" 304 -
::1 - - [04/Feb/2018:20:59:18 +0100] "GET / HTTP/1.1" 304 -
::1 - - [04/Feb/2018:20:59:18 +0100] "GET / HTTP/1.1" 304 -
::1 - - [04/Feb/2018:20:59:18 +0100] "GET / HTTP/1.1" 304 -
::1 - - [04/Feb/2018:20:59:19 +0100] "GET / HTTP/1.1" 304 -
::1 - - [04/Feb/2018:20:59:19 +0100] "GET / HTTP/1.1" 304 -
::1 - - [04/Feb/2018:20:59:19 +0100] "GET / HTTP/1.1" 304 -
::1 - - [04/Feb/2018:20:59:19 +0100] "GET / HTTP/1.1" 304 -
::1 - - [04/Feb/2018:20:59:19 +0100] "GET / HTTP/1.1" 304 -
::1 - - [04/Feb/2018:20:59:19 +0100] "GET / HTTP/1.1" 304 -
::1 - - [04/Feb/2018:20:59:23 +0100] "GET /index.html HTTP/1.1" 200 46
::1 - - [04/Feb/2018:22:29:54 +0100] "GET / HTTP/1.1" 200 46
::1 - - [04/Feb/2018:22:31:38 +0100] "GET / HTTP/1.1" 200 241
::1 - - [04/Feb/2018:22:31:42 +0100] "GET /server.php HTTP/1.1" 200 10
::1 - - [04/Feb/2018:22:46:11 +0100] "GET / HTTP/1.1" 200 10
::1 - - [04/Feb/2018:22:46:12 +0100] "GET / HTTP/1.1" 200 10
::1 - - [04/Feb/2018:22:46:13 +0100] "GET / HTTP/1.1" 200 10
::1 - - [04/Feb/2018:22:46:13 +0100] "GET / HTTP/1.1" 200 10
::1 - - [04/Feb/2018:22:46:15 +0100] "GET /za HTTP/1.1" 404 200
::1 - - [04/Feb/2018:22:46:56 +0100] "GET /za HTTP/1.1" 404 200
::1 - - [04/Feb/2018:22:46:57 +0100] "GET /za HTTP/1.1" 404 200
::1 - - [04/Feb/2018:22:46:57 +0100] "GET /za HTTP/1.1" 404 200
::1 - - [04/Feb/2018:22:46:57 +0100] "GET /za HTTP/1.1" 404 200
::1 - - [04/Feb/2018:22:46:57 +0100] "GET /za HTTP/1.1" 404 200
::1 - - [04/Feb/2018:22:46:59 +0100] "GET /zaeaz HTTP/1.1" 404 203
::1 - - [04/Feb/2018:22:48:08 +0100] "GET /zaeaz HTTP/1.1" 404 203
::1 - - [04/Feb/2018:22:48:09 +0100] "GET /zaeaz HTTP/1.1" 404 203
::1 - - [04/Feb/2018:22:48:09 +0100] "GET /zaeaz HTTP/1.1" 404 203
::1 - - [04/Feb/2018:22:48:09 +0100] "GET /zaeaz HTTP/1.1" 404 203
::1 - - [04/Feb/2018:22:48:10 +0100] "GET /zaeaz HTTP/1.1" 404 203
::1 - - [04/Feb/2018:22:48:33 +0100] "GET /zaeaz HTTP/1.1" 404 203
::1 - - [04/Feb/2018:22:53:18 +0100] "GET /zaeaz HTTP/1.1" 404 203
::1 - - [04/Feb/2018:22:53:18 +0100] "GET /zaeaz HTTP/1.1" 404 203
::1 - - [04/Feb/2018:22:53:19 +0100] "GET /zaeaz HTTP/1.1" 404 203
::1 - - [04/Feb/2018:22:53:19 +0100] "GET /zaeaz HTTP/1.1" 404 203
::1 - - [04/Feb/2018:22:53:19 +0100] "GET /zaeaz HTTP/1.1" 404 203
::1 - - [04/Feb/2018:22:53:19 +0100] "GET /zaeaz HTTP/1.1" 404 203
::1 - - [04/Feb/2018:22:53:19 +0100] "GET /zaeaz HTTP/1.1" 404 203
::1 - - [04/Feb/2018:22:53:20 +0100] "GET /zaeaz HTTP/1.1" 404 203
::1 - - [04/Feb/2018:22:53:20 +0100] "GET /zaeaz HTTP/1.1" 404 203
::1 - - [04/Feb/2018:22:53:37 +0100] "GET /zaeaz HTTP/1.1" 404 203
::1 - - [04/Feb/2018:22:53:38 +0100] "GET /zaeaz HTTP/1.1" 404 203
::1 - - [04/Feb/2018:22:53:38 +0100] "GET /zaeaz HTTP/1.1" 404 203
::1 - - [04/Feb/2018:22:53:38 +0100] "GET /zaeaz HTTP/1.1" 404 203
::1 - - [04/Feb/2018:22:53:38 +0100] "GET /zaeaz HTTP/1.1" 404 203
127.0.0.1 - - [04/Feb/2018:22:54:41 +0100] "GET /zaeaz HTTP/1.1" 404 203
127.0.0.1 - - [04/Feb/2018:22:54:42 +0100] "GET /zaeaz HTTP/1.1" 404 203
127.0.0.1 - - [04/Feb/2018:22:54:42 +0100] "GET /zaeaz HTTP/1.1" 404 203
127.0.0.1 - - [04/Feb/2018:22:54:42 +0100] "GET /zaeaz HTTP/1.1" 404 203
127.0.0.1 - - [04/Feb/2018:22:54:42 +0100] "GET /zaeaz HTTP/1.1" 404 203
127.0.0.1 - - [04/Feb/2018:22:54:42 +0100] "GET /zaeaz HTTP/1.1" 404 203
127.0.0.1 - - [04/Feb/2018:22:54:44 +0100] "GET / HTTP/1.1" 200 10
::1 - - [04/Feb/2018:22:54:50 +0100] "GET /.htaccess HTTP/1.1" 403 218
::1 - - [04/Feb/2018:22:56:39 +0100] "GET /.htaccess HTTP/1.1" 403 218
::1 - - [04/Feb/2018:22:56:44 +0100] "GET /e HTTP/1.1" 404 199
::1 - - [04/Feb/2018:22:57:06 +0100] "GET /e HTTP/1.1" 404 199
::1 - - [04/Feb/2018:22:57:07 +0100] "GET /e HTTP/1.1" 404 199
::1 - - [04/Feb/2018:22:57:07 +0100] "GET /e HTTP/1.1" 404 199
::1 - - [04/Feb/2018:22:57:08 +0100] "GET /e HTTP/1.1" 404 199
::1 - - [04/Feb/2018:22:57:08 +0100] "GET /e HTTP/1.1" 404 199
::1 - - [04/Feb/2018:22:57:08 +0100] "GET /e HTTP/1.1" 404 199
::1 - - [04/Feb/2018:22:57:08 +0100] "GET /e HTTP/1.1" 404 199
::1 - - [04/Feb/2018:22:57:09 +0100] "GET /e HTTP/1.1" 404 199
::1 - - [04/Feb/2018:22:58:25 +0100] "GET /e HTTP/1.1" 200 10
::1 - - [04/Feb/2018:22:58:33 +0100] "GET /e HTTP/1.1" 200 10
::1 - - [04/Feb/2018:22:58:36 +0100] "GET /ejeioazjeoiazjeaz HTTP/1.1" 200 10
::1 - - [04/Feb/2018:22:58:39 +0100] "GET / HTTP/1.1" 200 10
::1 - - [04/Feb/2018:22:58:54 +0100] "GET / HTTP/1.1" 200 10
::1 - - [04/Feb/2018:22:59:04 +0100] "GET / HTTP/1.1" 200 10
::1 - - [04/Feb/2018:22:59:04 +0100] "GET /favicon.ico HTTP/1.1" 200 10
::1 - - [04/Feb/2018:22:59:05 +0100] "GET /favicon.ico HTTP/1.1" 200 10
::1 - - [04/Feb/2018:22:59:07 +0100] "GET /ezaeazea HTTP/1.1" 200 10
::1 - - [04/Feb/2018:22:59:27 +0100] "GET / HTTP/1.1" 200 10
::1 - - [04/Feb/2018:23:02:22 +0100] "GET / HTTP/1.1" 200 10
::1 - - [04/Feb/2018:23:02:23 +0100] "GET / HTTP/1.1" 200 10
::1 - - [04/Feb/2018:23:02:23 +0100] "GET / HTTP/1.1" 200 10
::1 - - [04/Feb/2018:23:02:24 +0100] "GET / HTTP/1.1" 200 10
::1 - - [04/Feb/2018:23:02:24 +0100] "GET / HTTP/1.1" 200 10
::1 - - [04/Feb/2018:23:02:24 +0100] "GET / HTTP/1.1" 200 10
::1 - - [04/Feb/2018:23:02:24 +0100] "GET / HTTP/1.1" 200 10
::1 - - [04/Feb/2018:23:02:24 +0100] "GET / HTTP/1.1" 200 10
::1 - - [04/Feb/2018:23:02:24 +0100] "GET / HTTP/1.1" 200 10
::1 - - [04/Feb/2018:23:02:48 +0100] "GET / HTTP/1.1" 200 10
::1 - - [04/Feb/2018:23:02:48 +0100] "GET / HTTP/1.1" 200 10
::1 - - [04/Feb/2018:23:02:49 +0100] "GET / HTTP/1.1" 200 10
::1 - - [04/Feb/2018:23:02:49 +0100] "GET / HTTP/1.1" 200 10
::1 - - [04/Feb/2018:23:02:49 +0100] "GET / HTTP/1.1" 200 10
::1 - - [05/Feb/2018:00:23:21 +0100] "GET / HTTP/1.1" 403 209
::1 - - [05/Feb/2018:00:24:22 +0100] "GET /server.php HTTP/1.1" 403 219
::1 - - [05/Feb/2018:00:25:15 +0100] "GET /server.php HTTP/1.1" 403 219
::1 - - [05/Feb/2018:00:25:15 +0100] "GET /server.php HTTP/1.1" 403 219
::1 - - [05/Feb/2018:00:25:15 +0100] "GET /server.php HTTP/1.1" 403 219
::1 - - [05/Feb/2018:00:25:16 +0100] "GET /server.php HTTP/1.1" 403 219
::1 - - [05/Feb/2018:00:25:26 +0100] "GET /server.php HTTP/1.1" 403 219
::1 - - [05/Feb/2018:00:25:27 +0100] "GET /server.php HTTP/1.1" 403 219
::1 - - [05/Feb/2018:00:25:30 +0100] "GET /index.php HTTP/1.1" 403 218
::1 - - [05/Feb/2018:00:25:32 +0100] "GET / HTTP/1.1" 403 209
::1 - - [05/Feb/2018:00:28:23 +0100] "GET /index.php HTTP/1.1" 403 218
::1 - - [05/Feb/2018:00:34:02 +0100] "GET /index.php HTTP/1.1" 404 207
::1 - - [05/Feb/2018:00:34:03 +0100] "GET /index.php HTTP/1.1" 404 207
::1 - - [05/Feb/2018:00:34:03 +0100] "GET /index.php HTTP/1.1" 404 207
::1 - - [05/Feb/2018:00:34:03 +0100] "GET /index.php HTTP/1.1" 404 207
::1 - - [05/Feb/2018:00:34:03 +0100] "GET /index.php HTTP/1.1" 404 207
::1 - - [05/Feb/2018:00:34:05 +0100] "GET / HTTP/1.1" 403 209
::1 - - [05/Feb/2018:00:34:09 +0100] "GET /a HTTP/1.1" 404 199
::1 - - [05/Feb/2018:00:34:12 +0100] "GET /app HTTP/1.1" 404 201
::1 - - [05/Feb/2018:00:34:16 +0100] "GET /index.php HTTP/1.1" 404 207
::1 - - [05/Feb/2018:00:34:20 +0100] "GET /server.php HTTP/1.1" 200 5
::1 - - [05/Feb/2018:00:35:57 +0100] "GET /server.php HTTP/1.1" 403 219
::1 - - [05/Feb/2018:00:36:00 +0100] "GET / HTTP/1.1" 403 209
::1 - - [05/Feb/2018:00:36:24 +0100] "GET / HTTP/1.1" 200 5
::1 - - [05/Feb/2018:00:36:25 +0100] "GET / HTTP/1.1" 200 5
::1 - - [05/Feb/2018:00:36:26 +0100] "GET / HTTP/1.1" 200 5
::1 - - [05/Feb/2018:00:36:26 +0100] "GET / HTTP/1.1" 200 5
::1 - - [05/Feb/2018:00:36:26 +0100] "GET / HTTP/1.1" 200 5
::1 - - [05/Feb/2018:00:36:27 +0100] "GET / HTTP/1.1" 200 5
::1 - - [05/Feb/2018:00:36:27 +0100] "GET / HTTP/1.1" 200 5
::1 - - [05/Feb/2018:00:36:27 +0100] "GET / HTTP/1.1" 200 5
::1 - - [05/Feb/2018:00:37:02 +0100] "GET / HTTP/1.1" 200 5
::1 - - [05/Feb/2018:00:37:05 +0100] "GET / HTTP/1.1" 200 395
::1 - - [05/Feb/2018:00:37:05 +0100] "GET /favicon.ico HTTP/1.1" 404 209
::1 - - [05/Feb/2018:00:37:08 +0100] "GET /server.php HTTP/1.1" 200 459
::1 - - [05/Feb/2018:00:37:19 +0100] "GET /server.php HTTP/1.1" 200 459
::1 - - [05/Feb/2018:00:37:31 +0100] "GET /server.php HTTP/1.1" 200 459
::1 - - [05/Feb/2018:00:38:17 +0100] "GET /server.php HTTP/1.1" 200 254
::1 - - [05/Feb/2018:00:38:46 +0100] "GET /server.php HTTP/1.1" 200 254
::1 - - [05/Feb/2018:00:38:59 +0100] "GET /server.php HTTP/1.1" 200 254
::1 - - [05/Feb/2018:00:38:59 +0100] "GET /server.php HTTP/1.1" 200 254
::1 - - [05/Feb/2018:00:38:59 +0100] "GET /server.php HTTP/1.1" 200 254
::1 - - [05/Feb/2018:00:39:00 +0100] "GET /server.php HTTP/1.1" 200 254
::1 - - [05/Feb/2018:00:39:19 +0100] "GET /server.php HTTP/1.1" 200 254
::1 - - [05/Feb/2018:00:39:20 +0100] "GET /server.php HTTP/1.1" 200 254
